# JRE version: OpenJDK Runtime Environment (23.0.1+11) (build 23.0.1+11-39)
# Java VM: OpenJDK 64-Bit Server VM (23.0.1+11-39, mixed mode, emulated-client, sharing, tiered, compressed oops, compressed class ptrs, g1 gc, windows-amd64)
GC Precious Log:
 CardTable entry size: 512
 Card Set container configuration: InlinePtr #cards 5 size 8 Array Of Cards #cards 10 size 36 Howl #buckets 4 coarsen threshold 1843 Howl Bitmap #cards 512 size 80 coarsen threshold 460 Card regions per heap region 1 cards per card region 2048
 CPUs: 8 total, 8 available
 Memory: 7859M
 Large Page Support: Disabled
 NUMA Support: Disabled
 Compressed Oops: Enabled (32-bit)
 Heap Region Size: 1M
 Heap Min Capacity: 8M
 Heap Initial Capacity: 124M
 Heap Max Capacity: 1966M
 Pre-touch: Disabled
 Parallel Workers: 8
 Concurrent Workers: 2
 Concurrent Refinement Workers: 8
 Periodic GC: Disabled
Heap:
 garbage-first heap   total reserved 2013184K, committed 151552K, used 110383K [0x0000000085200000, 0x0000000100000000)
  region size 1024K, 3 young (3072K), 3 survivors (3072K)
 Metaspace       used 75452K, committed 76224K, reserved 1114112K
  class space    used 11377K, committed 11712K, reserved 1048576K
GC Heap History (20 events):
Event: 12.027 GC heap after
{Heap after GC invocations=22 (full 0):
 garbage-first heap   total reserved 2013184K, committed 82944K, used 44409K [0x0000000085200000, 0x0000000100000000)
  region size 1024K, 2 young (2048K), 2 survivors (2048K)
 Metaspace       used 72800K, committed 73600K, reserved 1114112K
  class space    used 10991K, committed 11328K, reserved 1048576K
}
Event: 12.261 GC heap before
{Heap before GC invocations=22 (full 0):
 garbage-first heap   total reserved 2013184K, committed 82944K, used 75129K [0x0000000085200000, 0x0000000100000000)
  region size 1024K, 32 young (32768K), 2 survivors (2048K)
 Metaspace       used 74985K, committed 75712K, reserved 1114112K
  class space    used 11289K, committed 11584K, reserved 1048576K
}
Event: 12.263 GC heap after
{Heap after GC invocations=23 (full 0):
 garbage-first heap   total reserved 2013184K, committed 82944K, used 45626K [0x0000000085200000, 0x0000000100000000)
  region size 1024K, 3 young (3072K), 3 survivors (3072K)
 Metaspace       used 74985K, committed 75712K, reserved 1114112K
  class space    used 11289K, committed 11584K, reserved 1048576K
}
Event: 12.367 GC heap before
{Heap before GC invocations=24 (full 0):
 garbage-first heap   total reserved 2013184K, committed 82944K, used 74298K [0x0000000085200000, 0x0000000100000000)
  region size 1024K, 31 young (31744K), 3 survivors (3072K)
 Metaspace       used 74985K, committed 75712K, reserved 1114112K
  class space    used 11289K, committed 11584K, reserved 1048576K
}
Event: 12.372 GC heap after
{Heap after GC invocations=25 (full 0):
 garbage-first heap   total reserved 2013184K, committed 82944K, used 47974K [0x0000000085200000, 0x0000000100000000)
  region size 1024K, 4 young (4096K), 4 survivors (4096K)
 Metaspace       used 74985K, committed 75712K, reserved 1114112K
  class space    used 11289K, committed 11584K, reserved 1048576K
}
Event: 12.440 GC heap before
{Heap before GC invocations=25 (full 0):
 garbage-first heap   total reserved 2013184K, committed 82944K, used 72550K [0x0000000085200000, 0x0000000100000000)
  region size 1024K, 28 young (28672K), 4 survivors (4096K)
 Metaspace       used 74985K, committed 75712K, reserved 1114112K
  class space    used 11289K, committed 11584K, reserved 1048576K
}
Event: 12.450 GC heap after
{Heap after GC invocations=26 (full 0):
 garbage-first heap   total reserved 2013184K, committed 84992K, used 53871K [0x0000000085200000, 0x0000000100000000)
  region size 1024K, 4 young (4096K), 4 survivors (4096K)
 Metaspace       used 74985K, committed 75712K, reserved 1114112K
  class space    used 11289K, committed 11584K, reserved 1048576K
}
Event: 12.502 GC heap before
{Heap before GC invocations=26 (full 0):
 garbage-first heap   total reserved 2013184K, committed 84992K, used 73327K [0x0000000085200000, 0x0000000100000000)
  region size 1024K, 23 young (23552K), 4 survivors (4096K)
 Metaspace       used 74985K, committed 75712K, reserved 1114112K
  class space    used 11289K, committed 11584K, reserved 1048576K
}
Event: 12.512 GC heap after
{Heap after GC invocations=27 (full 0):
 garbage-first heap   total reserved 2013184K, committed 151552K, used 61396K [0x0000000085200000, 0x0000000100000000)
  region size 1024K, 3 young (3072K), 3 survivors (3072K)
 Metaspace       used 74985K, committed 75712K, reserved 1114112K
  class space    used 11289K, committed 11584K, reserved 1048576K
}
Event: 12.926 GC heap before
{Heap before GC invocations=28 (full 0):
 garbage-first heap   total reserved 2013184K, committed 151552K, used 119764K [0x0000000085200000, 0x0000000100000000)
  region size 1024K, 60 young (61440K), 3 survivors (3072K)
 Metaspace       used 75442K, committed 76224K, reserved 1114112K
  class space    used 11376K, committed 11712K, reserved 1048576K
}
Event: 12.939 GC heap after
{Heap after GC invocations=29 (full 0):
 garbage-first heap   total reserved 2013184K, committed 151552K, used 72031K [0x0000000085200000, 0x0000000100000000)
  region size 1024K, 8 young (8192K), 8 survivors (8192K)
 Metaspace       used 75442K, committed 76224K, reserved 1114112K
  class space    used 11376K, committed 11712K, reserved 1048576K
}
Event: 13.073 GC heap before
{Heap before GC invocations=29 (full 0):
 garbage-first heap   total reserved 2013184K, committed 151552K, used 123231K [0x0000000085200000, 0x0000000100000000)
  region size 1024K, 58 young (59392K), 8 survivors (8192K)
 Metaspace       used 75443K, committed 76224K, reserved 1114112K
  class space    used 11376K, committed 11712K, reserved 1048576K
}
Event: 13.085 GC heap after
{Heap after GC invocations=30 (full 0):
 garbage-first heap   total reserved 2013184K, committed 151552K, used 80272K [0x0000000085200000, 0x0000000100000000)
  region size 1024K, 8 young (8192K), 8 survivors (8192K)
 Metaspace       used 75443K, committed 76224K, reserved 1114112K
  class space    used 11376K, committed 11712K, reserved 1048576K
}
Event: 13.193 GC heap before
{Heap before GC invocations=30 (full 0):
 garbage-first heap   total reserved 2013184K, committed 151552K, used 125328K [0x0000000085200000, 0x0000000100000000)
  region size 1024K, 52 young (53248K), 8 survivors (8192K)
 Metaspace       used 75452K, committed 76224K, reserved 1114112K
  class space    used 11377K, committed 11712K, reserved 1048576K
}
Event: 13.203 GC heap after
{Heap after GC invocations=31 (full 0):
 garbage-first heap   total reserved 2013184K, committed 151552K, used 88278K [0x0000000085200000, 0x0000000100000000)
  region size 1024K, 7 young (7168K), 7 survivors (7168K)
 Metaspace       used 75452K, committed 76224K, reserved 1114112K
  class space    used 11377K, committed 11712K, reserved 1048576K
}
Event: 13.323 GC heap before
{Heap before GC invocations=32 (full 0):
 garbage-first heap   total reserved 2013184K, committed 151552K, used 126166K [0x0000000085200000, 0x0000000100000000)
  region size 1024K, 46 young (47104K), 7 survivors (7168K)
 Metaspace       used 75452K, committed 76224K, reserved 1114112K
  class space    used 11377K, committed 11712K, reserved 1048576K
}
Event: 13.340 GC heap after
{Heap after GC invocations=33 (full 0):
 garbage-first heap   total reserved 2013184K, committed 151552K, used 102194K [0x0000000085200000, 0x0000000100000000)
  region size 1024K, 6 young (6144K), 6 survivors (6144K)
 Metaspace       used 75452K, committed 76224K, reserved 1114112K
  class space    used 11377K, committed 11712K, reserved 1048576K
}
Event: 13.416 GC heap before
{Heap before GC invocations=33 (full 0):
 garbage-first heap   total reserved 2013184K, committed 151552K, used 129842K [0x0000000085200000, 0x0000000100000000)
  region size 1024K, 33 young (33792K), 6 survivors (6144K)
 Metaspace       used 75452K, committed 76224K, reserved 1114112K
  class space    used 11377K, committed 11712K, reserved 1048576K
}
Event: 13.432 GC heap after
{Heap after GC invocations=34 (full 0):
 garbage-first heap   total reserved 2013184K, committed 151552K, used 106325K [0x0000000085200000, 0x0000000100000000)
  region size 1024K, 5 young (5120K), 5 survivors (5120K)
 Metaspace       used 75452K, committed 76224K, reserved 1114112K
  class space    used 11377K, committed 11712K, reserved 1048576K
}
Event: 13.452 GC heap before
{Heap before GC invocations=34 (full 0):
 garbage-first heap   total reserved 2013184K, committed 151552K, used 110421K [0x0000000085200000, 0x0000000100000000)
  region size 1024K, 10 young (10240K), 5 survivors (5120K)
 Metaspace       used 75452K, committed 76224K, reserved 1114112K
  class space    used 11377K, committed 11712K, reserved 1048576K
}

