# JRE version: Java(TM) SE Runtime Environment (17.0.12+8) (build 17.0.12+8-LTS-286)
# Java VM: Java HotSpot(TM) 64-Bit Server VM (17.0.12+8-LTS-286, mixed mode, emulated-client, sharing, tiered, compressed oops, compressed class ptrs, g1 gc, windows-amd64)
GC Precious Log:
 CPUs: 8 total, 8 available
 Memory: 7859M
 Large Page Support: Disabled
 NUMA Support: Disabled
 Compressed Oops: Enabled (32-bit)
 Heap Region Size: 1M
 Heap Min Capacity: 8M
 Heap Initial Capacity: 124M
 Heap Max Capacity: 1966M
 Pre-touch: Disabled
 Parallel Workers: 8
 Concurrent Workers: 2
 Concurrent Refinement Workers: 8
 Periodic GC: Disabled
Heap:
 garbage-first heap   total 282624K, used 124737K [0x0000000085200000, 0x0000000100000000)
  region size 1024K, 15 young (15360K), 15 survivors (15360K)
 Metaspace       used 81708K, committed 82432K, reserved 1179648K
  class space    used 11931K, committed 12288K, reserved 1048576K
GC Heap History (20 events):
Event: 16.168 GC heap after
{Heap after GC invocations=33 (full 0):
 garbage-first heap   total 97280K, used 49038K [0x0000000085200000, 0x0000000100000000)
  region size 1024K, 4 young (4096K), 4 survivors (4096K)
 Metaspace       used 79989K, committed 80704K, reserved 1179648K
  class space    used 11692K, committed 12032K, reserved 1048576K
}
Event: 16.378 GC heap before
{Heap before GC invocations=33 (full 0):
 garbage-first heap   total 97280K, used 78734K [0x0000000085200000, 0x0000000100000000)
  region size 1024K, 34 young (34816K), 4 survivors (4096K)
 Metaspace       used 81449K, committed 82112K, reserved 1179648K
  class space    used 11881K, committed 12224K, reserved 1048576K
}
Event: 16.382 GC heap after
{Heap after GC invocations=34 (full 0):
 garbage-first heap   total 97280K, used 50387K [0x0000000085200000, 0x0000000100000000)
  region size 1024K, 3 young (3072K), 3 survivors (3072K)
 Metaspace       used 81449K, committed 82112K, reserved 1179648K
  class space    used 11881K, committed 12224K, reserved 1048576K
}
Event: 16.591 GC heap before
{Heap before GC invocations=35 (full 0):
 garbage-first heap   total 109568K, used 81107K [0x0000000085200000, 0x0000000100000000)
  region size 1024K, 33 young (33792K), 3 survivors (3072K)
 Metaspace       used 81632K, committed 82304K, reserved 1179648K
  class space    used 11918K, committed 12224K, reserved 1048576K
}
Event: 16.595 GC heap after
{Heap after GC invocations=36 (full 0):
 garbage-first heap   total 109568K, used 51271K [0x0000000085200000, 0x0000000100000000)
  region size 1024K, 3 young (3072K), 3 survivors (3072K)
 Metaspace       used 81632K, committed 82304K, reserved 1179648K
  class space    used 11918K, committed 12224K, reserved 1048576K
}
Event: 16.602 GC heap before
{Heap before GC invocations=36 (full 0):
 garbage-first heap   total 109568K, used 53319K [0x0000000085200000, 0x0000000100000000)
  region size 1024K, 5 young (5120K), 3 survivors (3072K)
 Metaspace       used 81632K, committed 82304K, reserved 1179648K
  class space    used 11918K, committed 12224K, reserved 1048576K
}
Event: 16.605 GC heap after
{Heap after GC invocations=37 (full 0):
 garbage-first heap   total 109568K, used 51238K [0x0000000085200000, 0x0000000100000000)
  region size 1024K, 1 young (1024K), 1 survivors (1024K)
 Metaspace       used 81632K, committed 82304K, reserved 1179648K
  class space    used 11918K, committed 12224K, reserved 1048576K
}
Event: 16.740 GC heap before
{Heap before GC invocations=37 (full 0):
 garbage-first heap   total 109568K, used 91174K [0x0000000085200000, 0x0000000100000000)
  region size 1024K, 40 young (40960K), 1 survivors (1024K)
 Metaspace       used 81635K, committed 82304K, reserved 1179648K
  class space    used 11919K, committed 12224K, reserved 1048576K
}
Event: 16.746 GC heap after
{Heap after GC invocations=38 (full 0):
 garbage-first heap   total 109568K, used 58949K [0x0000000085200000, 0x0000000100000000)
  region size 1024K, 5 young (5120K), 5 survivors (5120K)
 Metaspace       used 81635K, committed 82304K, reserved 1179648K
  class space    used 11919K, committed 12224K, reserved 1048576K
}
Event: 16.858 GC heap before
{Heap before GC invocations=39 (full 0):
 garbage-first heap   total 124928K, used 86597K [0x0000000085200000, 0x0000000100000000)
  region size 1024K, 32 young (32768K), 5 survivors (5120K)
 Metaspace       used 81649K, committed 82368K, reserved 1179648K
  class space    used 11927K, committed 12288K, reserved 1048576K
}
Event: 16.864 GC heap after
{Heap after GC invocations=40 (full 0):
 garbage-first heap   total 124928K, used 61942K [0x0000000085200000, 0x0000000100000000)
  region size 1024K, 3 young (3072K), 3 survivors (3072K)
 Metaspace       used 81649K, committed 82368K, reserved 1179648K
  class space    used 11927K, committed 12288K, reserved 1048576K
}
Event: 16.871 GC heap before
{Heap before GC invocations=40 (full 0):
 garbage-first heap   total 124928K, used 65014K [0x0000000085200000, 0x0000000100000000)
  region size 1024K, 6 young (6144K), 3 survivors (3072K)
 Metaspace       used 81649K, committed 82368K, reserved 1179648K
  class space    used 11927K, committed 12288K, reserved 1048576K
}
Event: 17.436 GC heap after
{Heap after GC invocations=41 (full 0):
 garbage-first heap   total 282624K, used 63116K [0x0000000085200000, 0x0000000100000000)
  region size 1024K, 1 young (1024K), 1 survivors (1024K)
 Metaspace       used 81649K, committed 82368K, reserved 1179648K
  class space    used 11927K, committed 12288K, reserved 1048576K
}
Event: 17.456 GC heap before
{Heap before GC invocations=41 (full 0):
 garbage-first heap   total 282624K, used 75404K [0x0000000085200000, 0x0000000100000000)
  region size 1024K, 13 young (13312K), 1 survivors (1024K)
 Metaspace       used 81649K, committed 82368K, reserved 1179648K
  class space    used 11927K, committed 12288K, reserved 1048576K
}
Event: 17.462 GC heap after
{Heap after GC invocations=42 (full 0):
 garbage-first heap   total 282624K, used 67242K [0x0000000085200000, 0x0000000100000000)
  region size 1024K, 2 young (2048K), 2 survivors (2048K)
 Metaspace       used 81649K, committed 82368K, reserved 1179648K
  class space    used 11927K, committed 12288K, reserved 1048576K
}
Event: 17.504 GC heap before
{Heap before GC invocations=42 (full 0):
 garbage-first heap   total 282624K, used 78506K [0x0000000085200000, 0x0000000100000000)
  region size 1024K, 13 young (13312K), 2 survivors (2048K)
 Metaspace       used 81707K, committed 82432K, reserved 1179648K
  class space    used 11931K, committed 12288K, reserved 1048576K
}
Event: 17.509 GC heap after
{Heap after GC invocations=43 (full 0):
 garbage-first heap   total 282624K, used 71029K [0x0000000085200000, 0x0000000100000000)
  region size 1024K, 2 young (2048K), 2 survivors (2048K)
 Metaspace       used 81707K, committed 82432K, reserved 1179648K
  class space    used 11931K, committed 12288K, reserved 1048576K
}
Event: 17.820 GC heap before
{Heap before GC invocations=43 (full 0):
 garbage-first heap   total 282624K, used 199029K [0x0000000085200000, 0x0000000100000000)
  region size 1024K, 127 young (130048K), 2 survivors (2048K)
 Metaspace       used 81708K, committed 82432K, reserved 1179648K
  class space    used 11931K, committed 12288K, reserved 1048576K
}
Event: 17.847 GC heap after
{Heap after GC invocations=44 (full 0):
 garbage-first heap   total 282624K, used 99296K [0x0000000085200000, 0x0000000100000000)
  region size 1024K, 16 young (16384K), 16 survivors (16384K)
 Metaspace       used 81708K, committed 82432K, reserved 1179648K
  class space    used 11931K, committed 12288K, reserved 1048576K
}
Event: 18.157 GC heap before
{Heap before GC invocations=44 (full 0):
 garbage-first heap   total 282624K, used 205792K [0x0000000085200000, 0x0000000100000000)
  region size 1024K, 117 young (119808K), 16 survivors (16384K)
 Metaspace       used 81708K, committed 82432K, reserved 1179648K
  class space    used 11931K, committed 12288K, reserved 1048576K
}

